-- Configuration set to: DebugFast
-- Telos: SDL2 found, enabling window support
-- rpmbuild binary not found, not building rpm package
-- Configuring done (0.6s)
-- Generating done (1.6s)
-- Build files have been written to: /mnt/c/EntropicGarden/build
[  0%] Built target copy_coroutine_headers
[  0%] Built target copy_basekit_headers
[  0%] Built target copy_garbagecollector_headers
[  0%] Built target copy_iovm_headers
[  1%] Built target io2c
[  3%] Built target coroutine
[ 19%] Built target basekit
[ 20%] Built target garbagecollector
[ 21%] Building C object libs/iovm/CMakeFiles/iovmall.dir/source/IoSystem.c.o
[ 22%] Linking C shared library ../../_build/dll/libiovmall.so
[ 39%] Built target iovmall
[ 40%] Building C object libs/CMakeFiles/iovmall_static.dir/iovm/source/IoSystem.c.o
[ 41%] Linking C static library ../_build/lib/libiovmall_static.a
[ 75%] Built target iovmall_static
[ 77%] Built target coroutine_static
[ 92%] Built target basekit_static
[ 94%] Built target garbagecollector_static
[ 94%] Building C object libs/Telos/CMakeFiles/IoTelos.dir/source/IoTelos.c.o
[ 94%] Building C object libs/Telos/CMakeFiles/IoTelos.dir/source/IoTelosCore.c.o
In file included from /mnt/c/EntropicGarden/libs/Telos/source/IoTelosCore.c:19:
/mnt/c/EntropicGarden/libs/iovm/source/IoNumber.h:9: warning: "_GNU_SOURCE" redefined
    9 | #define _GNU_SOURCE // for NAN macro, round
      | 
In file included from /usr/include/python3.12/pyconfig.h:3,
                 from /usr/include/python3.12/Python.h:12,
                 from /mnt/c/EntropicGarden/libs/Telos/source/IoTelosFFI.h:13,
                 from /mnt/c/EntropicGarden/libs/Telos/source/IoTelosCore.c:9:
/usr/include/x86_64-linux-gnu/python3.12/pyconfig.h:1727: note: this is the location of the previous definition
 1727 | # define _GNU_SOURCE 1
      | 
[ 95%] Building C object libs/Telos/CMakeFiles/IoTelos.dir/source/IoTelosFFI.c.o
In file included from /mnt/c/EntropicGarden/libs/Telos/source/IoTelosFFI.c:12:
/mnt/c/EntropicGarden/libs/iovm/source/IoNumber.h:9: warning: "_GNU_SOURCE" redefined
    9 | #define _GNU_SOURCE // for NAN macro, round
      | 
In file included from /usr/include/python3.12/pyconfig.h:3,
                 from /usr/include/python3.12/Python.h:12,
                 from /mnt/c/EntropicGarden/libs/Telos/source/IoTelosFFI.h:13,
                 from /mnt/c/EntropicGarden/libs/Telos/source/IoTelosFFI.c:7:
/usr/include/x86_64-linux-gnu/python3.12/pyconfig.h:1727: note: this is the location of the previous definition
 1727 | # define _GNU_SOURCE 1
      | 
[ 95%] Linking C shared library ../../_build/lib/libIoTelos.so
[ 96%] Built target IoTelos
[ 96%] Building C object libs/Telos/CMakeFiles/IoTelos_static.dir/source/IoTelos.c.o
[ 97%] Building C object libs/Telos/CMakeFiles/IoTelos_static.dir/source/IoTelosCore.c.o
In file included from /mnt/c/EntropicGarden/libs/Telos/source/IoTelosCore.c:19:
/mnt/c/EntropicGarden/libs/iovm/source/IoNumber.h:9: warning: "_GNU_SOURCE" redefined
    9 | #define _GNU_SOURCE // for NAN macro, round
      | 
In file included from /usr/include/python3.12/pyconfig.h:3,
                 from /usr/include/python3.12/Python.h:12,
                 from /mnt/c/EntropicGarden/libs/Telos/source/IoTelosFFI.h:13,
                 from /mnt/c/EntropicGarden/libs/Telos/source/IoTelosCore.c:9:
/usr/include/x86_64-linux-gnu/python3.12/pyconfig.h:1727: note: this is the location of the previous definition
 1727 | # define _GNU_SOURCE 1
      | 
[ 97%] Building C object libs/Telos/CMakeFiles/IoTelos_static.dir/source/IoTelosFFI.c.o
In file included from /mnt/c/EntropicGarden/libs/Telos/source/IoTelosFFI.c:12:
/mnt/c/EntropicGarden/libs/iovm/source/IoNumber.h:9: warning: "_GNU_SOURCE" redefined
    9 | #define _GNU_SOURCE // for NAN macro, round
      | 
In file included from /usr/include/python3.12/pyconfig.h:3,
                 from /usr/include/python3.12/Python.h:12,
                 from /mnt/c/EntropicGarden/libs/Telos/source/IoTelosFFI.h:13,
                 from /mnt/c/EntropicGarden/libs/Telos/source/IoTelosFFI.c:7:
/usr/include/x86_64-linux-gnu/python3.12/pyconfig.h:1727: note: this is the location of the previous definition
 1727 | # define _GNU_SOURCE 1
      | 
[ 97%] Linking C static library ../../_build/lib/libIoTelos_static.a
[ 98%] Built target IoTelos_static
[ 98%] Linking C executable ../_build/binaries/io_static
[ 99%] Built target io_static
[100%] Linking C executable ../_build/binaries/io
[100%] Built target io
